<?xml version="1.0" encoding="UTF-8"?>
<testsuite name="QuantityAnalyzerTests" tests="1" skipped="0" failures="0" errors="0" timestamp="2019-12-18T04:44:38" hostname="admin1-desktop" time="0.003">
  <properties/>
  <testcase name="given3FeetAndOneYard_WhenCompered_ShouldReturnFalse" classname="QuantityAnalyzerTests" time="0.003"/>
  <system-out><![CDATA[]]></system-out>
  <system-err><![CDATA[]]></system-err>
</testsuite>
