<?xml version="1.0" encoding="UTF-8"?>
<testsuite name="TwoQuantityAdditionTest" tests="1" skipped="0" failures="0" errors="0" timestamp="2019-12-19T04:47:35" hostname="admin1-desktop" time="0.001">
  <properties/>
  <testcase name="givenOneThousandMilliLitreAndOneLitre_WhenAdd_ShouldReturn2Litre" classname="TwoQuantityAdditionTest" time="0.001"/>
  <system-out><![CDATA[]]></system-out>
  <system-err><![CDATA[]]></system-err>
</testsuite>
