<?xml version="1.0" encoding="UTF-8"?>
<testsuite name="TwoQuantityAdditionTest" tests="6" skipped="0" failures="0" errors="0" timestamp="2019-12-19T05:00:17" hostname="admin1-desktop" time="0.006">
  <properties/>
  <testcase name="givenOneGallonAnd3p78Litre_WhenAdd_ShouldReturn7p57Litre" classname="TwoQuantityAdditionTest" time="0.003"/>
  <testcase name="given2InchAnd2p5CentiMeter_WhenAdd_ShouldReturn3Inch" classname="TwoQuantityAdditionTest" time="0.001"/>
  <testcase name="given2InchAnd2Inch_WhenAdd_ShouldReturn4Inch" classname="TwoQuantityAdditionTest" time="0.0"/>
  <testcase name="givenOneThousandMilliLitreAndOneLitre_WhenAdd_ShouldReturn2Litre" classname="TwoQuantityAdditionTest" time="0.0"/>
  <testcase name="given1FeetAnd1Feet_WhenAdd_ShouldReturn14Inch" classname="TwoQuantityAdditionTest" time="0.0"/>
  <testcase name="given1FeetAnd1Feet_WhenAdd_ShouldReturn24Inch" classname="TwoQuantityAdditionTest" time="0.0"/>
  <system-out><![CDATA[]]></system-out>
  <system-err><![CDATA[]]></system-err>
</testsuite>
