<?xml version="1.0" encoding="UTF-8"?>
<testsuite name="QuantityAnalyzerTests" tests="1" skipped="0" failures="0" errors="0" timestamp="2019-12-17T08:22:01" hostname="admin1-desktop" time="0.002">
  <properties/>
  <testcase name="givenZeroInchAndAnotherOneInch_ShouldReturnNotEqual" classname="QuantityAnalyzerTests" time="0.002"/>
  <system-out><![CDATA[]]></system-out>
  <system-err><![CDATA[]]></system-err>
</testsuite>
