<?xml version="1.0" encoding="UTF-8"?>
<testsuite name="TwoQuantityAdditionTest" tests="5" skipped="0" failures="0" errors="0" timestamp="2019-12-18T12:20:38" hostname="admin1-desktop" time="0.003">
  <properties/>
  <testcase name="given2InchAnd5CentiMeter_WhenCompered_ShouldReturnTrue" classname="TwoQuantityAdditionTest" time="0.001"/>
  <testcase name="given2InchAnd2p5CentiMeter_WhenCompered_ShouldReturn3Inch" classname="TwoQuantityAdditionTest" time="0.0"/>
  <testcase name="given1FeetAnd1Feet_WhenCompered_ShouldReturn14Inch" classname="TwoQuantityAdditionTest" time="0.001"/>
  <testcase name="given1FeetAnd1Feet_WhenCompered_ShouldReturn24Inch" classname="TwoQuantityAdditionTest" time="0.0"/>
  <testcase name="given2InchAnd2Inch_WhenCompered_ShouldReturn4Inch" classname="TwoQuantityAdditionTest" time="0.0"/>
  <system-out><![CDATA[]]></system-out>
  <system-err><![CDATA[]]></system-err>
</testsuite>
