<?xml version="1.0" encoding="UTF-8"?>
<testsuite name="TwoQuantityAdditionTest" tests="1" skipped="0" failures="0" errors="0" timestamp="2019-12-19T05:07:10" hostname="admin1-desktop" time="0.001">
  <properties/>
  <testcase name="givenOneTonneAnd1000Gram_WhenAdd_ShouldReturn1001Kilogram" classname="TwoQuantityAdditionTest" time="0.001"/>
  <system-out><![CDATA[]]></system-out>
  <system-err><![CDATA[]]></system-err>
</testsuite>
